<?xml version="1.0" encoding="utf-8"?><testsuites name="pytest tests"><testsuite name="pytest" errors="0" failures="0" skipped="0" tests="11" time="3.947" timestamp="2026-06-02T06:26:20.462402+00:00" hostname="agent-env-4486e63d-b6dd-414c-b28c-4b89adc7a55b"><testcase classname="backend.tests.test_config_module.TestResumen" name="test_resumen_full_shape" time="0.621" /><testcase classname="backend.tests.test_config_module.TestResumen" name="test_resumen_404" time="0.108" /><testcase classname="backend.tests.test_config_module.TestReordenar" name="test_reordenar_campos" time="0.421" /><testcase classname="backend.tests.test_config_module.TestReordenar" name="test_reordenar_criterios" time="0.336" /><testcase classname="backend.tests.test_config_module.TestReordenar" name="test_reordenar_desempates" time="0.313" /><testcase classname="backend.tests.test_config_module.TestClonar" name="test_clonar_same_400" time="0.102" /><testcase classname="backend.tests.test_config_module.TestClonar" name="test_clonar_404" time="0.144" /><testcase classname="backend.tests.test_config_module.TestClonar" name="test_clonar_agregar_then_skips" time="0.804" /><testcase classname="backend.tests.test_config_module.TestExportImport" name="test_export_shape" time="0.106" /><testcase classname="backend.tests.test_config_module.TestExportImport" name="test_import_into_temp" time="0.690" /><testcase classname="backend.tests.test_config_module.TestExportImport" name="test_import_invalid_version" time="0.217" /></testsuite></testsuites>