<?xml version="1.0" encoding="utf-8"?><testsuites name="pytest tests"><testsuite name="pytest" errors="0" failures="0" skipped="0" tests="14" time="6.277" timestamp="2026-06-02T06:49:14.690078+00:00" hostname="agent-env-4486e63d-b6dd-414c-b28c-4b89adc7a55b"><testcase classname="backend.tests.test_config_module.TestResumen" name="test_resumen_full_shape" time="0.610" /><testcase classname="backend.tests.test_config_module.TestResumen" name="test_resumen_404" time="0.122" /><testcase classname="backend.tests.test_config_module.TestReordenar" name="test_reordenar_campos" time="0.429" /><testcase classname="backend.tests.test_config_module.TestReordenar" name="test_reordenar_criterios" time="0.309" /><testcase classname="backend.tests.test_config_module.TestReordenar" name="test_reordenar_desempates" time="0.303" /><testcase classname="backend.tests.test_config_module.TestClonar" name="test_clonar_same_400" time="0.104" /><testcase classname="backend.tests.test_config_module.TestClonar" name="test_clonar_404" time="0.102" /><testcase classname="backend.tests.test_config_module.TestClonar" name="test_clonar_agregar_then_skips" time="0.770" /><testcase classname="backend.tests.test_config_module.TestExportImport" name="test_export_shape" time="0.105" /><testcase classname="backend.tests.test_config_module.TestExportImport" name="test_import_into_temp" time="0.688" /><testcase classname="backend.tests.test_config_module.TestExportImport" name="test_import_invalid_version" time="0.111" /><testcase classname="backend.tests.test_config_module.TestDeleteCatalogoHardDelete" name="test_delete_blocked_when_linked_then_hard_delete_when_unlinked" time="0.821" /><testcase classname="backend.tests.test_config_module.TestCampoFlagsPatch" name="test_patch_individual_flags_persist" time="1.489" /><testcase classname="backend.tests.test_config_module.TestConvocatoriasSwitcher" name="test_listing_includes_seed_convocatorias" time="0.206" /></testsuite></testsuites>