<?xml version="1.0" encoding="utf-8"?><testsuites name="pytest tests"><testsuite name="pytest" errors="0" failures="0" skipped="0" tests="22" time="5.200" timestamp="2026-06-04T04:35:19.698925+00:00" hostname="agent-env-4486e63d-b6dd-414c-b28c-4b89adc7a55b"><testcase classname="backend.tests.test_permissions_module" name="test_catalog_returns_24_modules_with_all_actions" time="0.534" /><testcase classname="backend.tests.test_permissions_module" name="test_matrix_returns_7_system_roles_v2" time="0.050" /><testcase classname="backend.tests.test_permissions_module" name="test_list_roles_includes_system" time="0.049" /><testcase classname="backend.tests.test_permissions_module" name="test_get_role_admin_general" time="0.049" /><testcase classname="backend.tests.test_permissions_module" name="test_get_role_404" time="0.049" /><testcase classname="backend.tests.test_permissions_module" name="test_create_role_normalizes_code" time="0.052" /><testcase classname="backend.tests.test_permissions_module" name="test_create_role_rejects_special_chars" time="0.049" /><testcase classname="backend.tests.test_permissions_module" name="test_create_role_duplicate_returns_400" time="0.051" /><testcase classname="backend.tests.test_permissions_module" name="test_update_role_basic" time="0.052" /><testcase classname="backend.tests.test_permissions_module" name="test_update_admin_general_restores_critical_perms" time="0.052" /><testcase classname="backend.tests.test_permissions_module" name="test_toggle_permission_on_off" time="0.098" /><testcase classname="backend.tests.test_permissions_module" name="test_toggle_permission_invalid_module" time="0.049" /><testcase classname="backend.tests.test_permissions_module" name="test_toggle_permission_invalid_action" time="0.050" /><testcase classname="backend.tests.test_permissions_module" name="test_toggle_admin_general_view_critical_blocked" time="0.198" /><testcase classname="backend.tests.test_permissions_module" name="test_me_for_admin" time="0.046" /><testcase classname="backend.tests.test_permissions_module" name="test_user_role_change_reflected_in_me" time="1.240" /><testcase classname="backend.tests.test_permissions_module" name="test_non_admin_cannot_mutate_roles" time="1.534" /><testcase classname="backend.tests.test_permissions_module" name="test_delete_system_role_blocked" time="0.049" /><testcase classname="backend.tests.test_permissions_module" name="test_delete_role_with_users_assigned_blocked" time="0.151" /><testcase classname="backend.tests.test_permissions_module" name="test_delete_role_with_assigned_users_db_check" time="0.050" /><testcase classname="backend.tests.test_permissions_module" name="test_seed_idempotent_via_matrix" time="0.154" /><testcase classname="backend.tests.test_permissions_module" name="test_admin_password_still_valid_at_end" time="0.495" /></testsuite></testsuites>