<?xml version="1.0" encoding="utf-8"?><testsuites name="pytest tests"><testsuite name="pytest" errors="0" failures="0" skipped="0" tests="21" time="7.646" timestamp="2026-06-04T03:24:48.270928+00:00" hostname="agent-env-4486e63d-b6dd-414c-b28c-4b89adc7a55b"><testcase classname="backend.tests.test_email_recovery_iter14.TestSettingsEmailGet" name="test_get_settings_has_email_block" time="0.484" /><testcase classname="backend.tests.test_email_recovery_iter14.TestSettingsEmailPatch" name="test_patch_email_gmail_full" time="0.130" /><testcase classname="backend.tests.test_email_recovery_iter14.TestSettingsEmailPatch" name="test_patch_email_partial_does_not_clear_gmail" time="0.120" /><testcase classname="backend.tests.test_email_recovery_iter14.TestSettingsEmailPatch" name="test_patch_email_invalid_provider" time="0.114" /><testcase classname="backend.tests.test_email_recovery_iter14.TestEmailTestEndpoint" name="test_email_test_disabled" time="0.248" /><testcase classname="backend.tests.test_email_recovery_iter14.TestEmailTestEndpoint" name="test_email_test_missing_credentials" time="0.232" /><testcase classname="backend.tests.test_email_recovery_iter14.TestForgotPassword" name="test_forgot_password_email_inexistente" time="0.114" /><testcase classname="backend.tests.test_email_recovery_iter14.TestForgotPassword" name="test_forgot_password_email_admin" time="0.107" /><testcase classname="backend.tests.test_email_recovery_iter14.TestResetPassword" name="test_reset_password_invalid_token" time="0.100" /><testcase classname="backend.tests.test_email_recovery_iter14.TestResetPassword" name="test_reset_password_expired_token" time="0.208" /><testcase classname="backend.tests.test_email_recovery_iter14.TestResetPassword" name="test_reset_password_too_short" time="0.104" /><testcase classname="backend.tests.test_email_recovery_iter14.TestResetPasswordE2E" name="test_reset_full_flow" time="1.559" /><testcase classname="backend.tests.test_email_recovery_iter14.TestUsersSendWelcome" name="test_send_welcome_with_password_updates" time="1.332" /><testcase classname="backend.tests.test_email_recovery_iter14.TestUsersSendWelcome" name="test_send_welcome_without_password_keeps_current" time="0.601" /><testcase classname="backend.tests.test_email_recovery_iter14.TestPermissions" name="test_jurado_cannot_patch_email" time="0.441" /><testcase classname="backend.tests.test_email_recovery_iter14.TestPermissions" name="test_jurado_cannot_send_welcome" time="0.219" /><testcase classname="backend.tests.test_email_recovery_iter14.TestPermissions" name="test_admin_conv_can_send_welcome" time="0.548" /><testcase classname="backend.tests.test_email_recovery_iter14.TestPermissions" name="test_admin_conv_cannot_patch_email" time="0.118" /><testcase classname="backend.tests.test_email_recovery_iter14.TestCredencialesJurado" name="test_reset_password_enviar_correo" time="0.566" /><testcase classname="backend.tests.test_email_recovery_iter14.TestCredencialesJurado" name="test_send_welcome_jurado" time="0.102" /><testcase classname="backend.tests.test_email_recovery_iter14" name="test_zz_cleanup_email_settings" time="0.117" /></testsuite></testsuites>