<?xml version="1.0" encoding="utf-8"?><testsuites name="pytest tests"><testsuite name="pytest" errors="0" failures="0" skipped="0" tests="8" time="1.191" timestamp="2026-06-02T14:24:31.852765+00:00" hostname="agent-env-4486e63d-b6dd-414c-b28c-4b89adc7a55b"><testcase classname="backend.tests.test_campos_flags.TestINCFlagsState" name="test_all_campos_have_uso_propuesta_true" time="0.510" /><testcase classname="backend.tests.test_campos_flags.TestINCFlagsState" name="test_seven_campos_have_uso_lista_true" time="0.052" /><testcase classname="backend.tests.test_campos_flags.TestCampoFlagsCRUD" name="test_create_campo_with_new_flags" time="0.109" /><testcase classname="backend.tests.test_campos_flags.TestCampoFlagsCRUD" name="test_patch_uso_propuesta_false" time="0.064" /><testcase classname="backend.tests.test_campos_flags.TestCampoFlagsCRUD" name="test_patch_uso_lista_false" time="0.091" /><testcase classname="backend.tests.test_campos_flags.TestCampoFlagsCRUD" name="test_cleanup_created_campo" time="0.065" /><testcase classname="backend.tests.test_campos_flags.TestPropuestasRegression" name="test_list_propuestas_inc2026" time="0.057" /><testcase classname="backend.tests.test_campos_flags.TestPropuestasRegression" name="test_create_edit_delete_propuesta" time="0.180" /></testsuite></testsuites>