<?xml version="1.0" encoding="utf-8"?><testsuites name="pytest tests"><testsuite name="pytest" errors="0" failures="0" skipped="0" tests="12" time="1.264" timestamp="2026-06-02T13:45:28.166925+00:00" hostname="agent-env-4486e63d-b6dd-414c-b28c-4b89adc7a55b"><testcase classname="backend.tests.test_propuestas_form.TestCampos" name="test_get_campos_returns_list" time="0.548" /><testcase classname="backend.tests.test_propuestas_form.TestCampos" name="test_campos_contain_expected" time="0.051" /><testcase classname="backend.tests.test_propuestas_form.TestCampos" name="test_campos_order" time="0.054" /><testcase classname="backend.tests.test_propuestas_form.TestCampos" name="test_lista_campos_have_catalogo" time="0.049" /><testcase classname="backend.tests.test_propuestas_form.TestCampos" name="test_enfoque_poblacional_multi" time="0.047" /><testcase classname="backend.tests.test_propuestas_form.TestCatalogos" name="test_municipios_125" time="0.057" /><testcase classname="backend.tests.test_propuestas_form.TestCatalogos" name="test_tematicas_8" time="0.053" /><testcase classname="backend.tests.test_propuestas_form.TestPropuestasCRUD" name="test_create_propuesta" time="0.050" /><testcase classname="backend.tests.test_propuestas_form.TestPropuestasCRUD" name="test_get_propuesta_persisted" time="0.048" /><testcase classname="backend.tests.test_propuestas_form.TestPropuestasCRUD" name="test_patch_propuesta" time="0.117" /><testcase classname="backend.tests.test_propuestas_form.TestPropuestasCRUD" name="test_cleanup" time="0.050" /><testcase classname="backend.tests.test_propuestas_form.TestExcelRegression" name="test_template_download" time="0.058" /></testsuite></testsuites>