<?xml version="1.0" encoding="utf-8"?><testsuites name="pytest tests"><testsuite name="pytest" errors="0" failures="0" skipped="0" tests="11" time="5.115" timestamp="2026-06-02T15:49:58.569830+00:00" hostname="agent-env-4486e63d-b6dd-414c-b28c-4b89adc7a55b"><testcase classname="backend.tests.test_jurados_iter11.TestCamposAplicaA" name="test_campos_jurado_returns_only_jurado" time="0.655" /><testcase classname="backend.tests.test_jurados_iter11.TestCamposAplicaA" name="test_campos_propuesta_returns_only_propuesta" time="0.100" /><testcase classname="backend.tests.test_jurados_iter11.TestUploadFile" name="test_upload_pdf" time="0.107" /><testcase classname="backend.tests.test_jurados_iter11.TestUploadFile" name="test_upload_rejects_bad_type" time="0.133" /><testcase classname="backend.tests.test_jurados_iter11.TestAIMejorarTexto" name="test_mejorar_texto_perfil_jurado" time="2.367" /><testcase classname="backend.tests.test_jurados_iter11.TestAIMejorarTexto" name="test_mejorar_texto_empty_rejected" time="0.127" /><testcase classname="backend.tests.test_jurados_iter11.TestJurados" name="test_list_jurados_inc2026" time="0.139" /><testcase classname="backend.tests.test_jurados_iter11.TestJurados" name="test_jurados_template_xlsx" time="0.287" /><testcase classname="backend.tests.test_jurados_iter11.TestJuradosMe" name="test_me_admin_returns_404" time="0.121" /><testcase classname="backend.tests.test_jurados_iter11.TestJuradosMe" name="test_me_jurado_returns_record" time="0.467" /><testcase classname="backend.tests.test_jurados_iter11.TestJuradosMe" name="test_patch_me_ignores_unsafe_fields" time="0.523" /></testsuite></testsuites>