<?xml version="1.0" encoding="utf-8"?><testsuites name="pytest tests"><testsuite name="pytest" errors="0" failures="0" skipped="0" tests="28" time="14.436" timestamp="2026-06-03T04:23:56.137378+00:00" hostname="agent-env-4486e63d-b6dd-414c-b28c-4b89adc7a55b"><testcase classname="backend.tests.test_admin_module" name="test_00_health" time="0.190" /><testcase classname="backend.tests.test_admin_module" name="test_01_admin_login" time="0.332" /><testcase classname="backend.tests.test_admin_module" name="test_02_resolve_inc2026_convocatoria" time="0.115" /><testcase classname="backend.tests.test_admin_module" name="test_10_seed_test_users_first_call" time="1.952" /><testcase classname="backend.tests.test_admin_module" name="test_11_seed_test_users_idempotent_second_call" time="1.915" /><testcase classname="backend.tests.test_admin_module" name="test_12_login_admin_convocatoria_test_user" time="0.329" /><testcase classname="backend.tests.test_admin_module" name="test_13_seed_estados_propuesta_first_call" time="0.121" /><testcase classname="backend.tests.test_admin_module" name="test_14_seed_estados_propuesta_idempotent" time="0.119" /><testcase classname="backend.tests.test_admin_module" name="test_20_create_jurado_returns_credenciales" time="0.703" /><testcase classname="backend.tests.test_admin_module" name="test_21_create_jurado_existing_user_no_credentials" time="0.110" /><testcase classname="backend.tests.test_admin_module" name="test_30_reset_password_jurado_autogen" time="0.665" /><testcase classname="backend.tests.test_admin_module" name="test_31_reset_password_jurado_explicit" time="0.693" /><testcase classname="backend.tests.test_admin_module" name="test_32_reset_password_404" time="0.169" /><testcase classname="backend.tests.test_admin_module" name="test_40_delete_propuesta_cascade" time="0.696" /><testcase classname="backend.tests.test_admin_module" name="test_41_delete_propuesta_404" time="0.106" /><testcase classname="backend.tests.test_admin_module" name="test_50_delete_evaluacion_individual_404" time="0.107" /><testcase classname="backend.tests.test_admin_module" name="test_51_delete_evaluacion_colectiva_404" time="0.119" /><testcase classname="backend.tests.test_admin_module" name="test_52_delete_ranking_404" time="0.094" /><testcase classname="backend.tests.test_admin_module" name="test_60_delete_jurado_cascade" time="0.761" /><testcase classname="backend.tests.test_admin_module" name="test_61_delete_jurado_404" time="0.106" /><testcase classname="backend.tests.test_admin_module" name="test_70_jurado_cannot_call_admin" time="0.636" /><testcase classname="backend.tests.test_admin_module" name="test_71_admin_convocatoria_can_use_delete_but_not_reset" time="0.566" /><testcase classname="backend.tests.test_admin_module" name="test_80_reset_datos_wrong_confirmation" time="0.112" /><testcase classname="backend.tests.test_admin_module" name="test_81_reset_datos_executes_and_preserves_config" time="0.811" /><testcase classname="backend.tests.test_admin_module" name="test_82_admin_general_still_logs_in_after_reset" time="0.345" /><testcase classname="backend.tests.test_admin_module" name="test_83_test_users_were_deleted_by_reset" time="0.118" /><testcase classname="backend.tests.test_admin_module" name="test_84_re_seed_test_users_and_login_admin_convocatoria" time="2.236" /><testcase classname="backend.tests.test_admin_module" name="test_99_zzz_marker" time="0.000" /></testsuite></testsuites>