<?xml version="1.0" encoding="utf-8"?><testsuites name="pytest tests"><testsuite name="pytest" errors="0" failures="0" skipped="1" tests="8" time="7.875" timestamp="2026-06-06T07:26:22.067621+00:00" hostname="agent-env-4486e63d-b6dd-414c-b28c-4b89adc7a55b"><testcase classname="backend.tests.test_iter17.TestActasSubregiones" name="test_actas_pendientes_returns" time="0.680" /><testcase classname="backend.tests.test_iter17.TestActasSubregiones" name="test_actas_pendientes_subregiones_consistency" time="0.152" /><testcase classname="backend.tests.test_iter17.TestCoherenciaIA" name="test_requires_auth" time="0.096" /><testcase classname="backend.tests.test_iter17.TestCoherenciaIA" name="test_404_if_not_found" time="0.106" /><testcase classname="backend.tests.test_iter17.TestCoherenciaIA" name="test_coherencia_individual" time="6.124" /><testcase classname="backend.tests.test_iter17.TestCoherenciaIA" name="test_coherencia_colectiva" time="0.149"><skipped type="pytest.skip" message="Sin evaluaciones colectivas">/app/backend/tests/test_iter17.py:114: Sin evaluaciones colectivas</skipped></testcase><testcase classname="backend.tests.test_iter17.TestRankingCobertura" name="test_generar_ranking_cobertura" time="0.224" /><testcase classname="backend.tests.test_iter17.TestRankingCobertura" name="test_generar_ranking_individual" time="0.260" /></testsuite></testsuites>