<?xml version="1.0" encoding="utf-8"?><testsuites name="pytest tests"><testsuite name="pytest" errors="0" failures="0" skipped="0" tests="9" time="2.638" timestamp="2026-06-02T14:35:51.962700+00:00" hostname="agent-env-4486e63d-b6dd-414c-b28c-4b89adc7a55b"><testcase classname="backend.tests.test_filtros_dinamicos.TestFiltrosBackend" name="test_baseline_no_filters" time="0.603" /><testcase classname="backend.tests.test_filtros_dinamicos.TestFiltrosBackend" name="test_filtro_subregion_oriente_only_returns_oriente" time="0.220" /><testcase classname="backend.tests.test_filtros_dinamicos.TestFiltrosBackend" name="test_filtro_combinado_uraba_jac_returns_1_P0001" time="0.143" /><testcase classname="backend.tests.test_filtros_dinamicos.TestFiltrosBackend" name="test_filtro_all_sentinel_ignored" time="0.282" /><testcase classname="backend.tests.test_filtros_dinamicos.TestFiltrosBackend" name="test_filtro_empty_string_ignored" time="0.260" /><testcase classname="backend.tests.test_filtros_dinamicos.TestFiltrosBackend" name="test_filtro_array_uses_in_operator" time="0.552" /><testcase classname="backend.tests.test_filtros_dinamicos.TestFiltrosBackend" name="test_filtro_invalid_json_does_not_break" time="0.114" /><testcase classname="backend.tests.test_filtros_dinamicos.TestFiltrosBackend" name="test_filtro_combined_with_estado_search" time="0.266" /><testcase classname="backend.tests.test_filtros_dinamicos.TestCamposFiltroFlag" name="test_inc2026_has_8_filtro_campos" time="0.113" /></testsuite></testsuites>