<?xml version="1.0" encoding="utf-8"?><testsuites name="pytest tests"><testsuite name="pytest" errors="0" failures="0" skipped="0" tests="4" time="1.989" timestamp="2026-06-02T13:20:32.378883+00:00" hostname="agent-env-4486e63d-b6dd-414c-b28c-4b89adc7a55b"><testcase classname="backend.tests.test_plantilla_regression" name="test_resumen" time="0.939" /><testcase classname="backend.tests.test_plantilla_regression" name="test_export" time="0.144" /><testcase classname="backend.tests.test_plantilla_regression" name="test_clonar_agregar" time="0.545" /><testcase classname="backend.tests.test_plantilla_regression" name="test_import_validates_payload" time="0.294" /></testsuite></testsuites>