<?xml version="1.0" encoding="utf-8"?><testsuites name="pytest tests"><testsuite name="pytest" errors="0" failures="10" skipped="0" tests="39" time="9.532" timestamp="2026-06-02T04:24:23.984438+00:00" hostname="agent-env-4486e63d-b6dd-414c-b28c-4b89adc7a55b"><testcase classname="tests.backend_test.TestAuth" name="test_login_success" time="0.919" /><testcase classname="tests.backend_test.TestAuth" name="test_me_with_bearer" time="0.468" /><testcase classname="tests.backend_test.TestAuth" name="test_me_no_token" time="0.126" /><testcase classname="tests.backend_test.TestAuth" name="test_login_invalid" time="0.195" /><testcase classname="tests.backend_test.TestConfig" name="test_list_convocatorias" time="0.145" /><testcase classname="tests.backend_test.TestConfig" name="test_get_convocatoria" time="0.202" /><testcase classname="tests.backend_test.TestConfig" name="test_campos_seed" time="0.127" /><testcase classname="tests.backend_test.TestConfig" name="test_catalogos_seed" time="0.103" /><testcase classname="tests.backend_test.TestConfig" name="test_criterios_seed" time="0.110" /><testcase classname="tests.backend_test.TestConfig" name="test_desempates_seed" time="0.108" /><testcase classname="tests.backend_test.TestConfig" name="test_patch_convocatoria" time="0.282" /><testcase classname="tests.backend_test.TestConfig" name="test_create_campo_and_duplicate" time="0.107"><failure message="AssertionError: Internal Server Error&#10;assert 500 in (200, 201)&#10; +  where 500 = &lt;Response [500]&gt;.status_code">tests/backend_test.py:148: in test_create_campo_and_duplicate
    assert r.status_code in (200, 201), r.text
E   AssertionError: Internal Server Error
E   assert 500 in (200, 201)
E    +  where 500 = &lt;Response [500]&gt;.status_code</failure></testcase><testcase classname="tests.backend_test.TestConfig" name="test_create_criterio" time="0.116"><failure message="AssertionError: Internal Server Error&#10;assert 500 in (200, 201)&#10; +  where 500 = &lt;Response [500]&gt;.status_code">tests/backend_test.py:158: in test_create_criterio
    assert r.status_code in (200, 201), r.text
E   AssertionError: Internal Server Error
E   assert 500 in (200, 201)
E    +  where 500 = &lt;Response [500]&gt;.status_code</failure></testcase><testcase classname="tests.backend_test.TestConfig" name="test_create_catalogo" time="0.126"><failure message="AssertionError: Internal Server Error&#10;assert 500 in (200, 201)&#10; +  where 500 = &lt;Response [500]&gt;.status_code">tests/backend_test.py:164: in test_create_catalogo
    assert r.status_code in (200, 201), r.text
E   AssertionError: Internal Server Error
E   assert 500 in (200, 201)
E    +  where 500 = &lt;Response [500]&gt;.status_code</failure></testcase><testcase classname="tests.backend_test.TestData" name="test_propuestas_seed" time="0.140" /><testcase classname="tests.backend_test.TestData" name="test_propuestas_filtros" time="0.353" /><testcase classname="tests.backend_test.TestData" name="test_propuestas_template" time="0.114" /><testcase classname="tests.backend_test.TestData" name="test_create_propuesta" time="0.120"><failure message="AssertionError: Internal Server Error&#10;assert 500 in (200, 201)&#10; +  where 500 = &lt;Response [500]&gt;.status_code">tests/backend_test.py:197: in test_create_propuesta
    assert r.status_code in (200, 201), r.text
E   AssertionError: Internal Server Error
E   assert 500 in (200, 201)
E    +  where 500 = &lt;Response [500]&gt;.status_code</failure></testcase><testcase classname="tests.backend_test.TestData" name="test_jurados_seed" time="0.102" /><testcase classname="tests.backend_test.TestData" name="test_create_jurado_creates_user" time="0.329"><failure message="AssertionError: Internal Server Error&#10;assert 500 in (200, 201)&#10; +  where 500 = &lt;Response [500]&gt;.status_code">tests/backend_test.py:213: in test_create_jurado_creates_user
    assert r.status_code in (200, 201), r.text
E   AssertionError: Internal Server Error
E   assert 500 in (200, 201)
E    +  where 500 = &lt;Response [500]&gt;.status_code</failure></testcase><testcase classname="tests.backend_test.TestData" name="test_ternas_seed" time="0.105" /><testcase classname="tests.backend_test.TestData" name="test_asignaciones_seed" time="0.102"><failure message="AssertionError: expected &gt;=36, got 32&#10;assert 32 &gt;= 36&#10; +  where 32 = len([{'convocatoria_id': '43b9b70a-eedf-4580-9f78-927a473e8b96', 'created_at': '2026-06-02T04:20:49.462056+00:00', 'estado': 'Creada', 'etapa': 'Evaluación Colectiva', ...}, {'convocatoria_id': '43b9b70a-eedf-4580-9f78-927a473e8b96', 'created_at': '2026-06-02T04:20:49.463190+00:00', 'estado': 'Creada', 'etapa': 'Evaluación Individual', ...}, {'convocatoria_id': '43b9b70a-eedf-4580-9f78-927a473e8b96', 'created_at': '2026-06-02T04:20:49.464109+00:00', 'estado': 'Creada', 'etapa': 'Evaluación Individual', ...}, {'convocatoria_id': '43b9b70a-eedf-4580-9f78-927a473e8b96', 'created_at': '2026-06-02T04:20:49.464972+00:00', 'estado': 'Creada', 'etapa': 'Evaluación Individual', ...}, {'convocatoria_id': '43b9b70a-eedf-4580-9f78-927a473e8b96', 'created_at': '2026-06-02T04:20:49.465898+00:00', 'estado': 'Creada', 'etapa': 'Evaluación Colectiva', ...}, {'convocatoria_id': '43b9b70a-eedf-4580-9f78-927a473e8b96', 'created_at': '2026-06-02T04:20:49.466827+00:00', 'estado': 'Creada', 'etapa': 'Evaluación Individual', ...}, ...])">tests/backend_test.py:234: in test_asignaciones_seed
    assert len(items) &gt;= 36, f"expected &gt;=36, got {len(items)}"
E   AssertionError: expected &gt;=36, got 32
E   assert 32 &gt;= 36
E    +  where 32 = len([{'convocatoria_id': '43b9b70a-eedf-4580-9f78-927a473e8b96', 'created_at': '2026-06-02T04:20:49.462056+00:00', 'estado': 'Creada', 'etapa': 'Evaluación Colectiva', ...}, {'convocatoria_id': '43b9b70a-eedf-4580-9f78-927a473e8b96', 'created_at': '2026-06-02T04:20:49.463190+00:00', 'estado': 'Creada', 'etapa': 'Evaluación Individual', ...}, {'convocatoria_id': '43b9b70a-eedf-4580-9f78-927a473e8b96', 'created_at': '2026-06-02T04:20:49.464109+00:00', 'estado': 'Creada', 'etapa': 'Evaluación Individual', ...}, {'convocatoria_id': '43b9b70a-eedf-4580-9f78-927a473e8b96', 'created_at': '2026-06-02T04:20:49.464972+00:00', 'estado': 'Creada', 'etapa': 'Evaluación Individual', ...}, {'convocatoria_id': '43b9b70a-eedf-4580-9f78-927a473e8b96', 'created_at': '2026-06-02T04:20:49.465898+00:00', 'estado': 'Creada', 'etapa': 'Evaluación Colectiva', ...}, {'convocatoria_id': '43b9b70a-eedf-4580-9f78-927a473e8b96', 'created_at': '2026-06-02T04:20:49.466827+00:00', 'estado': 'Creada', 'etapa': 'Evaluación Individual', ...}, ...])</failure></testcase><testcase classname="tests.backend_test.TestData" name="test_create_asignacion_auto_creates_eval" time="0.212"><failure message="requests.exceptions.JSONDecodeError: Expecting value: line 1 column 1 (char 0)">/root/.venv/lib/python3.11/site-packages/requests/models.py:1116: in json
    return complexjson.loads(self.text, **kwargs)
           ^^^^^^^^^^^^^^^^^^^^^^^^^^^^^^^^^^^^^^
/usr/local/lib/python3.11/json/__init__.py:346: in loads
    return _default_decoder.decode(s)
           ^^^^^^^^^^^^^^^^^^^^^^^^^^
/usr/local/lib/python3.11/json/decoder.py:337: in decode
    obj, end = self.raw_decode(s, idx=_w(s, 0).end())
               ^^^^^^^^^^^^^^^^^^^^^^^^^^^^^^^^^^^^^^
/usr/local/lib/python3.11/json/decoder.py:355: in raw_decode
    raise JSONDecodeError("Expecting value", s, err.value) from None
E   json.decoder.JSONDecodeError: Expecting value: line 1 column 1 (char 0)

During handling of the above exception, another exception occurred:
tests/backend_test.py:242: in test_create_asignacion_auto_creates_eval
    prop = requests.post(f"{API}/propuestas", json=p_payload, headers=admin_headers).json()
           ^^^^^^^^^^^^^^^^^^^^^^^^^^^^^^^^^^^^^^^^^^^^^^^^^^^^^^^^^^^^^^^^^^^^^^^^^^^^^^^^
/root/.venv/lib/python3.11/site-packages/requests/models.py:1120: in json
    raise RequestsJSONDecodeError(e.msg, e.doc, e.pos)
E   requests.exceptions.JSONDecodeError: Expecting value: line 1 column 1 (char 0)</failure></testcase><testcase classname="tests.backend_test.TestEvaluaciones" name="test_list_evaluaciones" time="0.105" /><testcase classname="tests.backend_test.TestEvaluaciones" name="test_full_eval_flow" time="0.931" /><testcase classname="tests.backend_test.TestEvaluaciones" name="test_evaluacion_colectiva_and_ranking" time="0.862"><failure message="AssertionError: Internal Server Error&#10;assert 500 in (200, 201)&#10; +  where 500 = &lt;Response [500]&gt;.status_code">tests/backend_test.py:342: in test_evaluacion_colectiva_and_ranking
    assert r_col.status_code in (200, 201), r_col.text
E   AssertionError: Internal Server Error
E   assert 500 in (200, 201)
E    +  where 500 = &lt;Response [500]&gt;.status_code</failure></testcase><testcase classname="tests.backend_test.TestReports" name="test_dashboard" time="0.150" /><testcase classname="tests.backend_test.TestReports" name="test_reporte_avance_jurado" time="0.117" /><testcase classname="tests.backend_test.TestReports" name="test_reporte_avance_terna" time="0.115" /><testcase classname="tests.backend_test.TestReports" name="test_reporte_consolidado" time="0.134" /><testcase classname="tests.backend_test.TestReports" name="test_export_excel" time="0.133" /><testcase classname="tests.backend_test.TestReports" name="test_auditoria_admin" time="0.097" /><testcase classname="tests.backend_test.TestReports" name="test_auditoria_forbidden_for_jurado" time="0.453" /><testcase classname="tests.backend_test.TestUsersRBAC" name="test_list_users_admin" time="0.105" /><testcase classname="tests.backend_test.TestUsersRBAC" name="test_list_users_jurado_forbidden" time="0.104" /><testcase classname="tests.backend_test.TestUsersRBAC" name="test_create_user" time="0.120"><failure message="AssertionError: {&quot;detail&quot;:[{&quot;type&quot;:&quot;value_error&quot;,&quot;loc&quot;:[&quot;body&quot;,&quot;email&quot;],&quot;msg&quot;:&quot;value is not a valid email address: The part after the @-sign is a special-use or reserved name that cannot be used with email.&quot;,&quot;input&quot;:&quot;test_user_220edd@krinos.test&quot;,&quot;ctx&quot;:{&quot;reason&quot;:&quot;The part after the @-sign is a special-use or reserved name that cannot be used with email.&quot;}}]}&#10;assert 422 in (200, 201)&#10; +  where 422 = &lt;Response [422]&gt;.status_code">tests/backend_test.py:446: in test_create_user
    assert r.status_code in (200, 201), r.text
E   AssertionError: {"detail":[{"type":"value_error","loc":["body","email"],"msg":"value is not a valid email address: The part after the @-sign is a special-use or reserved name that cannot be used with email.","input":"test_user_220edd@krinos.test","ctx":{"reason":"The part after the @-sign is a special-use or reserved name that cannot be used with email."}}]}
E   assert 422 in (200, 201)
E    +  where 422 = &lt;Response [422]&gt;.status_code</failure></testcase><testcase classname="tests.backend_test.TestUsersRBAC" name="test_create_user_invalid_role" time="0.099" /><testcase classname="tests.backend_test.TestMasivaSubregion" name="test_masiva" time="0.204" /><testcase classname="tests.backend_test.TestBruteForce" name="test_brute_force_lockout" time="0.664"><failure message="AssertionError: expected 429 after 5 fails, got 401&#10;assert 401 == 429">tests/backend_test.py:483: in test_brute_force_lockout
    assert last_status == 429, f"expected 429 after 5 fails, got {last_status}"
E   AssertionError: expected 429 after 5 fails, got 401
E   assert 401 == 429</failure></testcase></testsuite></testsuites>