<?xml version="1.0" encoding="utf-8"?><testsuites name="pytest tests"><testsuite name="pytest" errors="0" failures="0" skipped="0" tests="39" time="78.212" timestamp="2026-06-02T04:31:36.332568+00:00" hostname="agent-env-4486e63d-b6dd-414c-b28c-4b89adc7a55b"><testcase classname="backend.tests.backend_test.TestAuth" name="test_login_success" time="0.418" /><testcase classname="backend.tests.backend_test.TestAuth" name="test_me_with_bearer" time="0.435" /><testcase classname="backend.tests.backend_test.TestAuth" name="test_me_no_token" time="0.100" /><testcase classname="backend.tests.backend_test.TestAuth" name="test_login_invalid" time="0.123" /><testcase classname="backend.tests.backend_test.TestConfig" name="test_list_convocatorias" time="0.106" /><testcase classname="backend.tests.backend_test.TestConfig" name="test_get_convocatoria" time="0.203" /><testcase classname="backend.tests.backend_test.TestConfig" name="test_campos_seed" time="0.101" /><testcase classname="backend.tests.backend_test.TestConfig" name="test_catalogos_seed" time="0.099" /><testcase classname="backend.tests.backend_test.TestConfig" name="test_criterios_seed" time="0.100" /><testcase classname="backend.tests.backend_test.TestConfig" name="test_desempates_seed" time="0.099" /><testcase classname="backend.tests.backend_test.TestConfig" name="test_patch_convocatoria" time="0.216" /><testcase classname="backend.tests.backend_test.TestConfig" name="test_create_campo_and_duplicate" time="0.202" /><testcase classname="backend.tests.backend_test.TestConfig" name="test_create_criterio" time="0.096" /><testcase classname="backend.tests.backend_test.TestConfig" name="test_create_catalogo" time="0.109" /><testcase classname="backend.tests.backend_test.TestData" name="test_propuestas_seed" time="0.104" /><testcase classname="backend.tests.backend_test.TestData" name="test_propuestas_filtros" time="0.303" /><testcase classname="backend.tests.backend_test.TestData" name="test_propuestas_template" time="0.157" /><testcase classname="backend.tests.backend_test.TestData" name="test_create_propuesta" time="0.225" /><testcase classname="backend.tests.backend_test.TestData" name="test_jurados_seed" time="0.101" /><testcase classname="backend.tests.backend_test.TestData" name="test_create_jurado_creates_user" time="0.420" /><testcase classname="backend.tests.backend_test.TestData" name="test_ternas_seed" time="0.133" /><testcase classname="backend.tests.backend_test.TestData" name="test_asignaciones_seed" time="0.098" /><testcase classname="backend.tests.backend_test.TestData" name="test_create_asignacion_auto_creates_eval" time="0.432" /><testcase classname="backend.tests.backend_test.TestEvaluaciones" name="test_list_evaluaciones" time="0.116" /><testcase classname="backend.tests.backend_test.TestEvaluaciones" name="test_full_eval_flow" time="0.894" /><testcase classname="backend.tests.backend_test.TestEvaluaciones" name="test_evaluacion_colectiva_and_ranking" time="69.717" /><testcase classname="backend.tests.backend_test.TestReports" name="test_dashboard" time="0.108" /><testcase classname="backend.tests.backend_test.TestReports" name="test_reporte_avance_jurado" time="0.124" /><testcase classname="backend.tests.backend_test.TestReports" name="test_reporte_avance_terna" time="0.108" /><testcase classname="backend.tests.backend_test.TestReports" name="test_reporte_consolidado" time="0.122" /><testcase classname="backend.tests.backend_test.TestReports" name="test_export_excel" time="0.137" /><testcase classname="backend.tests.backend_test.TestReports" name="test_auditoria_admin" time="0.117" /><testcase classname="backend.tests.backend_test.TestReports" name="test_auditoria_forbidden_for_jurado" time="0.451" /><testcase classname="backend.tests.backend_test.TestUsersRBAC" name="test_list_users_admin" time="0.112" /><testcase classname="backend.tests.backend_test.TestUsersRBAC" name="test_list_users_jurado_forbidden" time="0.102" /><testcase classname="backend.tests.backend_test.TestUsersRBAC" name="test_create_user" time="0.325" /><testcase classname="backend.tests.backend_test.TestUsersRBAC" name="test_create_user_invalid_role" time="0.107" /><testcase classname="backend.tests.backend_test.TestMasivaSubregion" name="test_masiva" time="0.215" /><testcase classname="backend.tests.backend_test.TestBruteForce" name="test_brute_force_lockout" time="0.953" /></testsuite></testsuites>