<?xml version="1.0" encoding="utf-8"?><testsuites name="pytest tests"><testsuite name="pytest" errors="0" failures="0" skipped="0" tests="8" time="3.301" timestamp="2026-06-02T17:43:47.974398+00:00" hostname="agent-env-4486e63d-b6dd-414c-b28c-4b89adc7a55b"><testcase classname="backend.tests.test_actas" name="test_get_acta_templates" time="0.629" /><testcase classname="backend.tests.test_actas" name="test_patch_template_persists" time="0.365" /><testcase classname="backend.tests.test_actas" name="test_toggle_uso_subregional" time="0.543" /><testcase classname="backend.tests.test_actas" name="test_actas_pendientes_shape" time="0.144" /><testcase classname="backend.tests.test_actas" name="test_forzar_y_pdf_individual" time="0.578" /><testcase classname="backend.tests.test_actas" name="test_pdf_colectiva_terna" time="0.255" /><testcase classname="backend.tests.test_actas" name="test_pdf_subregional" time="0.115" /><testcase classname="backend.tests.test_actas" name="test_firma_colectiva_y_subregional" time="0.585" /></testsuite></testsuites>